<?xml version="1.0" encoding="UTF-8"?>
<testng-results skipped="0" failed="1" ignored="0" total="3" passed="2">
  <reporter-output>
  </reporter-output>
  <suite name="Suite" duration-ms="6092" started-at="2020-12-05T14:36:35 EST" finished-at="2020-12-05T14:36:41 EST">
    <groups>
    </groups>
    <test name="Test" duration-ms="6092" started-at="2020-12-05T14:36:35 EST" finished-at="2020-12-05T14:36:41 EST">
      <class name="allureReport.com.allure.TestOne">
        <test-method status="PASS" signature="setUp()[pri:0, instance:allureReport.com.allure.TestOne@59d016c9]" name="setUp" is-config="true" duration-ms="5948" started-at="2020-12-05T14:36:35 EST" finished-at="2020-12-05T14:36:41 EST">
          <reporter-output>
          </reporter-output>
        </test-method> <!-- setUp -->
        <test-method status="FAIL" signature="logoPresent()[pri:0, instance:allureReport.com.allure.TestOne@59d016c9]" name="logoPresent" duration-ms="40" started-at="2020-12-05T14:36:41 EST" finished-at="2020-12-05T14:36:41 EST">
          <exception class="java.lang.NullPointerException">
            <full-stacktrace>
              <![CDATA[java.lang.NullPointerException
at allureReport.com.allure.TestOne.logoPresent(TestOne.java:31)
at sun.reflect.NativeMethodAccessorImpl.invoke0(Native Method)
at sun.reflect.NativeMethodAccessorImpl.invoke(Unknown Source)
at sun.reflect.DelegatingMethodAccessorImpl.invoke(Unknown Source)
at java.lang.reflect.Method.invoke(Unknown Source)
at org.testng.internal.MethodInvocationHelper.invokeMethod(MethodInvocationHelper.java:132)
at org.testng.internal.TestInvoker.invokeMethod(TestInvoker.java:599)
at org.testng.internal.TestInvoker.invokeTestMethod(TestInvoker.java:174)
at org.testng.internal.MethodRunner.runInSequence(MethodRunner.java:46)
at org.testng.internal.TestInvoker$MethodInvocationAgent.invoke(TestInvoker.java:822)
at org.testng.internal.TestInvoker.invokeTestMethods(TestInvoker.java:147)
at org.testng.internal.TestMethodWorker.invokeTestMethods(TestMethodWorker.java:146)
at org.testng.internal.TestMethodWorker.run(TestMethodWorker.java:128)
at java.util.ArrayList.forEach(Unknown Source)
at org.testng.TestRunner.privateRun(TestRunner.java:764)
at org.testng.TestRunner.run(TestRunner.java:585)
at org.testng.SuiteRunner.runTest(SuiteRunner.java:384)
at org.testng.SuiteRunner.runSequentially(SuiteRunner.java:378)
at org.testng.SuiteRunner.privateRun(SuiteRunner.java:337)
at org.testng.SuiteRunner.run(SuiteRunner.java:286)
at org.testng.SuiteRunnerWorker.runSuite(SuiteRunnerWorker.java:53)
at org.testng.SuiteRunnerWorker.run(SuiteRunnerWorker.java:96)
at org.testng.TestNG.runSuitesSequentially(TestNG.java:1218)
at org.testng.TestNG.runSuitesLocally(TestNG.java:1140)
at org.testng.TestNG.runSuites(TestNG.java:1069)
at org.testng.TestNG.run(TestNG.java:1037)
at org.testng.remote.AbstractRemoteTestNG.run(AbstractRemoteTestNG.java:115)
at org.testng.remote.RemoteTestNG.initAndRun(RemoteTestNG.java:251)
at org.testng.remote.RemoteTestNG.main(RemoteTestNG.java:77)
]]>
            </full-stacktrace>
          </exception> <!-- java.lang.NullPointerException -->
          <reporter-output>
          </reporter-output>
        </test-method> <!-- logoPresent -->
        <test-method status="PASS" signature="logoTest()[pri:0, instance:allureReport.com.allure.TestOne@59d016c9]" name="logoTest" duration-ms="2" started-at="2020-12-05T14:36:41 EST" finished-at="2020-12-05T14:36:41 EST">
          <reporter-output>
          </reporter-output>
        </test-method> <!-- logoTest -->
        <test-method status="PASS" signature="registrationTest()[pri:0, instance:allureReport.com.allure.TestOne@59d016c9]" name="registrationTest" duration-ms="2" started-at="2020-12-05T14:36:41 EST" finished-at="2020-12-05T14:36:41 EST">
          <reporter-output>
          </reporter-output>
        </test-method> <!-- registrationTest -->
        <test-method status="PASS" signature="teardown()[pri:0, instance:allureReport.com.allure.TestOne@59d016c9]" name="teardown" is-config="true" duration-ms="1" started-at="2020-12-05T14:36:41 EST" finished-at="2020-12-05T14:36:41 EST">
          <reporter-output>
          </reporter-output>
        </test-method> <!-- teardown -->
      </class> <!-- allureReport.com.allure.TestOne -->
    </test> <!-- Test -->
  </suite> <!-- Suite -->
</testng-results>
