<?xml version="1.0" encoding="UTF-8"?>
<testng-results skipped="0" failed="0" ignored="0" total="1" passed="1">
  <reporter-output>
  </reporter-output>
  <suite name="Default suite" duration-ms="29030" started-at="2020-12-22T10:01:16 EST" finished-at="2020-12-22T10:01:45 EST">
    <groups>
    </groups>
    <test name="Default test" duration-ms="29030" started-at="2020-12-22T10:01:16 EST" finished-at="2020-12-22T10:01:45 EST">
      <class name="first.lessonOne">
        <test-method status="PASS" signature="SetUp()[pri:0, instance:first.lessonOne@363ee3a2]" name="SetUp" is-config="true" duration-ms="5888" started-at="2020-12-22T10:01:16 EST" finished-at="2020-12-22T10:01:22 EST">
          <reporter-output>
          </reporter-output>
        </test-method> <!-- SetUp -->
        <test-method status="PASS" signature="url()[pri:0, instance:first.lessonOne@363ee3a2]" name="url" duration-ms="23048" started-at="2020-12-22T10:01:22 EST" finished-at="2020-12-22T10:01:45 EST">
          <reporter-output>
          </reporter-output>
        </test-method> <!-- url -->
      </class> <!-- first.lessonOne -->
    </test> <!-- Default test -->
  </suite> <!-- Default suite -->
</testng-results>
