<?xml version="1.0" encoding="UTF-8"?>
<!-- Generated by org.testng.reporters.JUnitXMLReporter -->
<testsuite hostname="X390" ignored="0" name="Test" tests="3" failures="1" timestamp="2020-12-05T14:36:41 EST" time="6.092" errors="0">
  <testcase name="logoPresent" time="0.04" classname="allureReport.com.allure.TestOne">
    <failure type="java.lang.NullPointerException">
      <![CDATA[java.lang.NullPointerException
at allureReport.com.allure.TestOne.logoPresent(TestOne.java:31)
at java.util.ArrayList.forEach(Unknown Source)
... Removed 27 stack frames]]>
    </failure>
  </testcase> <!-- logoPresent -->
  <testcase name="logoTest" time="0.002" classname="allureReport.com.allure.TestOne"/>
  <testcase name="registrationTest" time="0.002" classname="allureReport.com.allure.TestOne"/>
</testsuite> <!-- Test -->
