<?xml version="1.0" encoding="UTF-8"?>
<!-- Generated by org.testng.reporters.JUnitXMLReporter -->
<testsuite hostname="X390" ignored="0" name="Test" tests="2" failures="0" timestamp="2020-12-05T19:14:02 EST" time="6.1" errors="0">
  <testcase name="@BeforeMethod SetUp" time="5.932" classname="allureReport.aller.one">
    <failure type="java.lang.NullPointerException">
      <![CDATA[java.lang.NullPointerException
at allureReport.aller.one.SetUp(one.java:31)
at java.util.ArrayList.forEach(Unknown Source)
... Removed 31 stack frames]]>
    </failure>
  </testcase> <!-- @BeforeMethod SetUp -->
  <testcase name="@BeforeMethod SetUp" time="-1.607213642642E9" classname="allureReport.aller.one">
    <skipped/>
  </testcase> <!-- @BeforeMethod SetUp -->
  <testcase name="@AfterClass close" time="-1.607213642654E9" classname="allureReport.aller.one">
    <skipped/>
  </testcase> <!-- @AfterClass close -->
  <testcase name="setUp" time="0.0" classname="allureReport.aller.one">
    <skipped/>
  </testcase> <!-- setUp -->
  <testcase name="login" time="0.0" classname="allureReport.aller.one">
    <skipped/>
  </testcase> <!-- login -->
</testsuite> <!-- Test -->
